#
# There is insufficient memory for the Java Runtime Environment to continue.
# Native memory allocation (mmap) failed to map 65536 bytes. Error detail: Failed to commit metaspace.
# Possible reasons:
#   The system is out of physical RAM or swap space
#   This process is running with CompressedOops enabled, and the Java Heap may be blocking the growth of the native heap
# Possible solutions:
#   Reduce memory load on the system
#   Increase physical memory or swap space
#   Check if swap backing store is full
#   Decrease Java heap size (-Xmx/-Xms)
#   Decrease number of Java threads
#   Decrease Java thread stack sizes (-Xss)
#   Set larger code cache with -XX:ReservedCodeCacheSize=
#   JVM is running with Unscaled Compressed Oops mode in which the Java heap is
#     placed in the first 4GB address space. The Java Heap base address is the
#     maximum limit for the native heap growth. Please use -XX:HeapBaseMinAddress
#     to set the Java Heap base and to place the Java Heap above 4GB virtual address.
# This output file may be truncated or incomplete.
#
#  Out of Memory Error (virtualSpaceNode.cpp:110), pid=17816, tid=8976
#
# JRE version: OpenJDK Runtime Environment JBR-17.0.14+1-1367.22-nomod (17.0.14+1) (build 17.0.14+1-b1367.22)
# Java VM: OpenJDK 64-Bit Server VM JBR-17.0.14+1-1367.22-nomod (17.0.14+1-b1367.22, mixed mode, emulated-client, sharing, tiered, compressed oops, compressed class ptrs, g1 gc, windows-amd64)
# No core dump will be written. Minidumps are not enabled by default on client versions of Windows
#

---------------  S U M M A R Y ------------

Command Line: -DDB_NAME=root -DDB_PASSWORD=HGHencExfjXbxCUBGTSHxoBbZNSoZcVK -DDB_URL=jdbc:mysql://shinkansen.proxy.rlwy.net:20166/railway -XX:TieredStopAtLevel=1 -Dspring.output.ansi.enabled=always -Dcom.sun.management.jmxremote -Dspring.jmx.enabled=true -Dspring.liveBeansView.mbeanDomain -Dspring.application.admin.enabled=true -Dmanagement.endpoints.jmx.exposure.include=* -javaagent:C:\Users\freir\AppData\Local\JetBrains\IntelliJ IDEA 2024.3.5\lib\idea_rt.jar=56688 -Dfile.encoding=UTF-8 br.com.EntreQuizDev.EntreQuizDevApplication

Host: AMD Ryzen 5 3500U with Radeon Vega Mobile Gfx  , 8 cores, 6G,  Windows 11 , 64 bit Build 26100 (10.0.26100.3912)
Time: Mon May 26 19:56:51 2025 Hora oficial do Brasil elapsed time: 9.344065 seconds (0d 0h 0m 9s)

---------------  T H R E A D  ---------------

Current thread (0x000002ab9b34cf20):  JavaThread "main" [_thread_in_vm, id=8976, stack(0x000000b06eb00000,0x000000b06ec00000)]

Stack: [0x000000b06eb00000,0x000000b06ec00000]
Native frames: (J=compiled Java code, j=interpreted, Vv=VM code, C=native code)
V  [jvm.dll+0x68b969]  os::platform_print_native_stack+0xd9  (os_windows_x86.cpp:235)
V  [jvm.dll+0x84572a]  VMError::report+0xc6a  (vmError.cpp:868)
V  [jvm.dll+0x8473ae]  VMError::report_and_die+0x78e  (vmError.cpp:1766)
V  [jvm.dll+0x847a13]  VMError::report_and_die+0x43  (vmError.cpp:1552)
V  [jvm.dll+0x24a83f]  report_vm_out_of_memory+0x8f  (debug.cpp:321)
V  [jvm.dll+0x84058d]  metaspace::VirtualSpaceNode::commit_range+0x13d  (virtualSpaceNode.cpp:110)
V  [jvm.dll+0x62f77e]  metaspace::Metachunk::commit_up_to+0xbe  (metachunk.cpp:103)
V  [jvm.dll+0x62f7ea]  metaspace::Metachunk::ensure_committed+0x3a  (metachunk.cpp:122)
V  [jvm.dll+0x632044]  metaspace::MetaspaceArena::allocate+0x1d4  (metaspaceArena.cpp:270)
V  [jvm.dll+0x630126]  Metaspace::allocate+0x56  (metaspace.cpp:927)
V  [jvm.dll+0x23f7b0]  ConstantPool::allocate+0x90  (constantPool.cpp:67)
V  [jvm.dll+0x1edc4b]  ClassFileParser::parse_stream+0x37b  (classFileParser.cpp:5731)
V  [jvm.dll+0x1e357c]  ClassFileParser::ClassFileParser+0x1ec  (classFileParser.cpp:5607)
V  [jvm.dll+0x54f3ec]  KlassFactory::create_from_stream+0x25c  (klassFactory.cpp:202)
V  [jvm.dll+0x1f414b]  ClassLoader::load_class+0x17b  (classLoader.cpp:1233)
V  [jvm.dll+0x7bd922]  SystemDictionary::load_instance_class_impl+0x202  (systemDictionary.cpp:1307)
V  [jvm.dll+0x7bed99]  SystemDictionary::resolve_instance_class_or_null+0x4e9  (systemDictionary.cpp:724)
V  [jvm.dll+0x7bf0f8]  SystemDictionary::resolve_or_fail+0x28  (systemDictionary.cpp:266)
V  [jvm.dll+0x24213e]  ConstantPool::klass_at_impl+0x1be  (constantPool.cpp:512)
V  [jvm.dll+0x38770e]  InterpreterRuntime::_new+0x4e  (interpreterRuntime.cpp:219)
C  0x000002aba032996e

The last pc belongs to new (printed below).
Java frames: (J=compiled Java code, j=interpreted, Vv=VM code)
j  javax.management.remote.rmi.RMIConnectorServer.encodeJRMPStub(Ljavax/management/remote/rmi/RMIServer;Ljava/util/Map;)Ljava/lang/String;+8 java.management.rmi@17.0.14
j  javax.management.remote.rmi.RMIConnectorServer.encodeStub(Ljavax/management/remote/rmi/RMIServer;Ljava/util/Map;)Ljava/lang/String;+2 java.management.rmi@17.0.14
j  javax.management.remote.rmi.RMIConnectorServer.encodeStubInAddress(Ljavax/management/remote/rmi/RMIServer;Ljava/util/Map;)V+64 java.management.rmi@17.0.14
j  javax.management.remote.rmi.RMIConnectorServer.start()V+475 java.management.rmi@17.0.14
j  sun.management.jmxremote.ConnectorBootstrap.startLocalConnectorServer()Ljavax/management/remote/JMXConnectorServer;+290 jdk.management.agent@17.0.14
j  jdk.internal.agent.Agent.startLocalManagementAgent()V+13 jdk.management.agent@17.0.14
j  jdk.internal.agent.Agent.startAgent(Ljava/util/Properties;)V+58 jdk.management.agent@17.0.14
j  jdk.internal.agent.Agent.startAgent()V+20 jdk.management.agent@17.0.14
v  ~StubRoutines::call_stub
new  187 new  [0x000002aba03297e0, 0x000002aba0329a00]  544 bytes
[MachCode]
  0x000002aba03297e0: 4883 ec08 | c5fa 1104 | 24eb 1f48 | 83ec 10c5 | fb11 0424 | eb14 4883 | ec10 4889 | 0424 48c7 
  0x000002aba0329800: 4424 0800 | 0000 00eb | 0150 410f | b755 010f | cac1 ea10 | 488b 4de8 | 488b 4908 | 488b 4908 
  0x000002aba0329820: 488b 4108 | 807c 1004 | 070f 85df | 0000 0066 | 8b54 d148 | 488b 4928 | 488b 4cd1 | 0851 80b9 
  0x000002aba0329840: 5b01 0000 | 040f 85c2 | 0000 008b | 5108 f7c2 | 0100 0000 | 0f85 b300 | 0000 498b | 8708 0100 
  0x000002aba0329860: 0048 8d1c | 1049 3b9f | 1801 0000 | 0f87 9b00 | 0000 4989 | 9f08 0100 | 00e9 0000 | 0000 4883 
  0x000002aba0329880: ea10 0f84 | 0f00 0000 | 33c9 c1ea | 0348 894c | d008 48ff | ca75 f648 | c700 0100 | 0000 5933 
  0x000002aba03298a0: f689 700c | 49ba 0000 | 00ab ab02 | 0000 492b | ca89 4808 | 49ba f9da | 8bca fc7f | 0000 4180 
  0x000002aba03298c0: 3a00 0f84 | 4000 0000 | 5048 8bc8 | 4883 ec20 | f7c4 0f00 | 0000 0f84 | 1a00 0000 | 4883 ec08 
  0x000002aba03298e0: 49ba 0019 | 41ca fc7f | 0000 41ff | d248 83c4 | 08e9 0d00 | 0000 49ba | 0019 41ca | fc7f 0000 
  0x000002aba0329900: 41ff d248 | 83c4 2058 | e9cd 0000 | 0059 488b | 55e8 488b | 5208 488b | 5208 450f | b745 0141 
  0x000002aba0329920: 0fc8 41c1 | e810 e805 | 0000 00e9 | aa00 0000 | 488d 4424 | 084c 896d | c049 8bcf | c5f8 7749 
  0x000002aba0329940: 89af a802 | 0000 4989 | 8798 0200 | 0048 83ec | 20f7 c40f | 0000 000f | 841a 0000 | 0048 83ec 
  0x000002aba0329960: 0849 bac0 | 760a cafc | 7f00 0041 | ffd2 4883 | c408 e90d | 0000 0049 | bac0 760a | cafc 7f00 
  0x000002aba0329980: 0041 ffd2 | 4883 c420 | 49c7 8798 | 0200 0000 | 0000 0049 | c787 a802 | 0000 0000 | 0000 49c7 
  0x000002aba03299a0: 87a0 0200 | 0000 0000 | 00c5 f877 | 4981 7f08 | 0000 0000 | 0f84 0500 | 0000 e941 | 75fe ff49 
  0x000002aba03299c0: 8b87 f002 | 0000 49c7 | 87f0 0200 | 0000 0000 | 004c 8b6d | c04c 8b75 | c8c3 410f | b65d 0349 
  0x000002aba03299e0: 83c5 0349 | ba10 4c8e | cafc 7f00 | 0041 ff24 | da0f 1f80 | 0000 0000 | 0000 0000 | 0000 0000 
[/MachCode]

---------------  P R O C E S S  ---------------

Threads class SMR info:
_java_thread_list=0x000002abf01fbe00, length=14, elements={
0x000002ab9b34cf20, 0x000002abaa879340, 0x000002abaa879e10, 0x000002abaa88e5d0,
0x000002abaa88eea0, 0x000002abaa88f770, 0x000002abaa890040, 0x000002abaa890910,
0x000002abaa8ac260, 0x000002abaabed130, 0x000002abaad19150, 0x000002abaaf3d6d0,
0x000002abaaf3e1c0, 0x000002abf00d0a70
}

Java Threads: ( => current thread )
=>0x000002ab9b34cf20 JavaThread "main" [_thread_in_vm, id=8976, stack(0x000000b06eb00000,0x000000b06ec00000)]
  0x000002abaa879340 JavaThread "Reference Handler" daemon [_thread_blocked, id=15608, stack(0x000000b06f200000,0x000000b06f300000)]
  0x000002abaa879e10 JavaThread "Finalizer" daemon [_thread_blocked, id=6780, stack(0x000000b06f300000,0x000000b06f400000)]
  0x000002abaa88e5d0 JavaThread "Signal Dispatcher" daemon [_thread_blocked, id=10276, stack(0x000000b06f400000,0x000000b06f500000)]
  0x000002abaa88eea0 JavaThread "Attach Listener" daemon [_thread_blocked, id=8852, stack(0x000000b06f500000,0x000000b06f600000)]
  0x000002abaa88f770 JavaThread "Service Thread" daemon [_thread_blocked, id=8196, stack(0x000000b06f600000,0x000000b06f700000)]
  0x000002abaa890040 JavaThread "Monitor Deflation Thread" daemon [_thread_blocked, id=9624, stack(0x000000b06f700000,0x000000b06f800000)]
  0x000002abaa890910 JavaThread "C1 CompilerThread0" daemon [_thread_blocked, id=12300, stack(0x000000b06f800000,0x000000b06f900000)]
  0x000002abaa8ac260 JavaThread "Sweeper thread" daemon [_thread_blocked, id=1756, stack(0x000000b06f900000,0x000000b06fa00000)]
  0x000002abaabed130 JavaThread "Common-Cleaner" daemon [_thread_blocked, id=17028, stack(0x000000b06fa00000,0x000000b06fb00000)]
  0x000002abaad19150 JavaThread "C1 CompilerThread1" daemon [_thread_blocked, id=14928, stack(0x000000b06fb00000,0x000000b06fc00000)]
  0x000002abaaf3d6d0 JavaThread "Monitor Ctrl-Break" daemon [_thread_in_native, id=4592, stack(0x000000b06fc00000,0x000000b06fd00000)]
  0x000002abaaf3e1c0 JavaThread "Notification Thread" daemon [_thread_blocked, id=4424, stack(0x000000b06fd00000,0x000000b06fe00000)]
  0x000002abf00d0a70 JavaThread "RMI TCP Accept-0" daemon [_thread_in_native, id=3268, stack(0x000000b06fe00000,0x000000b06ff00000)]

Other Threads:
  0x000002abaa873ef0 VMThread "VM Thread" [stack: 0x000000b06f100000,0x000000b06f200000] [id=5272] _threads_hazard_ptr=0x000002abf01fbe00
  0x000002ab9b3a1790 GCTaskThread "GC Thread#0" [stack: 0x000000b06ec00000,0x000000b06ed00000] [id=15864]
  0x000002ab9b3b10c0 ConcurrentGCThread "G1 Main Marker" [stack: 0x000000b06ed00000,0x000000b06ee00000] [id=13132]
  0x000002ab9b3b19f0 ConcurrentGCThread "G1 Conc#0" [stack: 0x000000b06ee00000,0x000000b06ef00000] [id=15264]
  0x000002ab9b3edbc0 ConcurrentGCThread "G1 Refine#0" [stack: 0x000000b06ef00000,0x000000b06f000000] [id=18040]
  0x000002ab9b3ee3a0 ConcurrentGCThread "G1 Service" [stack: 0x000000b06f000000,0x000000b06f100000] [id=15992]

Threads with active compile tasks:

VM state: synchronizing (normal execution)

VM Mutex/Monitor currently owned by a thread:  ([mutex/lock_event])
[0x000002ab9b349590] Metaspace_lock - owner thread: 0x000002ab9b34cf20
[0x000002ab9b348780] Threads_lock - owner thread: 0x000002abaa873ef0

Heap address: 0x0000000091000000, size: 1776 MB, Compressed Oops mode: 32-bit

CDS archive(s) mapped at: [0x000002abab000000-0x000002ababc00000-0x000002ababc00000), size 12582912, SharedBaseAddress: 0x000002abab000000, ArchiveRelocationMode: 1.
Compressed class space mapped at: 0x000002abac000000-0x000002abec000000, reserved size: 1073741824
Narrow klass base: 0x000002abab000000, Narrow klass shift: 0, Narrow klass range: 0x100000000

GC Precious Log:
 CPUs: 8 total, 8 available
 Memory: 7103M
 Large Page Support: Disabled
 NUMA Support: Disabled
 Compressed Oops: Enabled (32-bit)
 Heap Region Size: 1M
 Heap Min Capacity: 8M
 Heap Initial Capacity: 112M
 Heap Max Capacity: 1776M
 Pre-touch: Disabled
 Parallel Workers: 8
 Concurrent Workers: 2
 Concurrent Refinement Workers: 8
 Periodic GC: Disabled

Heap:
 garbage-first heap   total 114688K, used 12288K [0x0000000091000000, 0x0000000100000000)
  region size 1024K, 12 young (12288K), 0 survivors (0K)
 Metaspace       used 4250K, committed 4352K, reserved 1114112K
  class space    used 544K, committed 576K, reserved 1048576K

Heap Regions: E=young(eden), S=young(survivor), O=old, HS=humongous(starts), HC=humongous(continues), CS=collection set, F=free, OA=open archive, CA=closed archive, TAMS=top-at-mark-start (previous, next)
|   0|0x0000000091000000, 0x0000000091100000, 0x0000000091100000|100%|HS|  |TAMS 0x0000000091000000, 0x0000000091000000| Complete 
|   1|0x0000000091100000, 0x0000000091200000, 0x0000000091200000|100%|HS|  |TAMS 0x0000000091100000, 0x0000000091100000| Complete 
|   2|0x0000000091200000, 0x0000000091200000, 0x0000000091300000|  0%| F|  |TAMS 0x0000000091200000, 0x0000000091200000| Untracked 
|   3|0x0000000091300000, 0x0000000091300000, 0x0000000091400000|  0%| F|  |TAMS 0x0000000091300000, 0x0000000091300000| Untracked 
|   4|0x0000000091400000, 0x0000000091400000, 0x0000000091500000|  0%| F|  |TAMS 0x0000000091400000, 0x0000000091400000| Untracked 
|   5|0x0000000091500000, 0x0000000091500000, 0x0000000091600000|  0%| F|  |TAMS 0x0000000091500000, 0x0000000091500000| Untracked 
|   6|0x0000000091600000, 0x0000000091600000, 0x0000000091700000|  0%| F|  |TAMS 0x0000000091600000, 0x0000000091600000| Untracked 
|   7|0x0000000091700000, 0x0000000091700000, 0x0000000091800000|  0%| F|  |TAMS 0x0000000091700000, 0x0000000091700000| Untracked 
|   8|0x0000000091800000, 0x0000000091800000, 0x0000000091900000|  0%| F|  |TAMS 0x0000000091800000, 0x0000000091800000| Untracked 
|   9|0x0000000091900000, 0x0000000091900000, 0x0000000091a00000|  0%| F|  |TAMS 0x0000000091900000, 0x0000000091900000| Untracked 
|  10|0x0000000091a00000, 0x0000000091a00000, 0x0000000091b00000|  0%| F|  |TAMS 0x0000000091a00000, 0x0000000091a00000| Untracked 
|  11|0x0000000091b00000, 0x0000000091b00000, 0x0000000091c00000|  0%| F|  |TAMS 0x0000000091b00000, 0x0000000091b00000| Untracked 
|  12|0x0000000091c00000, 0x0000000091c00000, 0x0000000091d00000|  0%| F|  |TAMS 0x0000000091c00000, 0x0000000091c00000| Untracked 
|  13|0x0000000091d00000, 0x0000000091d00000, 0x0000000091e00000|  0%| F|  |TAMS 0x0000000091d00000, 0x0000000091d00000| Untracked 
|  14|0x0000000091e00000, 0x0000000091e00000, 0x0000000091f00000|  0%| F|  |TAMS 0x0000000091e00000, 0x0000000091e00000| Untracked 
|  15|0x0000000091f00000, 0x0000000091f00000, 0x0000000092000000|  0%| F|  |TAMS 0x0000000091f00000, 0x0000000091f00000| Untracked 
|  16|0x0000000092000000, 0x0000000092000000, 0x0000000092100000|  0%| F|  |TAMS 0x0000000092000000, 0x0000000092000000| Untracked 
|  17|0x0000000092100000, 0x0000000092100000, 0x0000000092200000|  0%| F|  |TAMS 0x0000000092100000, 0x0000000092100000| Untracked 
|  18|0x0000000092200000, 0x0000000092200000, 0x0000000092300000|  0%| F|  |TAMS 0x0000000092200000, 0x0000000092200000| Untracked 
|  19|0x0000000092300000, 0x0000000092300000, 0x0000000092400000|  0%| F|  |TAMS 0x0000000092300000, 0x0000000092300000| Untracked 
|  20|0x0000000092400000, 0x0000000092400000, 0x0000000092500000|  0%| F|  |TAMS 0x0000000092400000, 0x0000000092400000| Untracked 
|  21|0x0000000092500000, 0x0000000092500000, 0x0000000092600000|  0%| F|  |TAMS 0x0000000092500000, 0x0000000092500000| Untracked 
|  22|0x0000000092600000, 0x0000000092600000, 0x0000000092700000|  0%| F|  |TAMS 0x0000000092600000, 0x0000000092600000| Untracked 
|  23|0x0000000092700000, 0x0000000092700000, 0x0000000092800000|  0%| F|  |TAMS 0x0000000092700000, 0x0000000092700000| Untracked 
|  24|0x0000000092800000, 0x0000000092800000, 0x0000000092900000|  0%| F|  |TAMS 0x0000000092800000, 0x0000000092800000| Untracked 
|  25|0x0000000092900000, 0x0000000092900000, 0x0000000092a00000|  0%| F|  |TAMS 0x0000000092900000, 0x0000000092900000| Untracked 
|  26|0x0000000092a00000, 0x0000000092a00000, 0x0000000092b00000|  0%| F|  |TAMS 0x0000000092a00000, 0x0000000092a00000| Untracked 
|  27|0x0000000092b00000, 0x0000000092b00000, 0x0000000092c00000|  0%| F|  |TAMS 0x0000000092b00000, 0x0000000092b00000| Untracked 
|  28|0x0000000092c00000, 0x0000000092c00000, 0x0000000092d00000|  0%| F|  |TAMS 0x0000000092c00000, 0x0000000092c00000| Untracked 
|  29|0x0000000092d00000, 0x0000000092d00000, 0x0000000092e00000|  0%| F|  |TAMS 0x0000000092d00000, 0x0000000092d00000| Untracked 
|  30|0x0000000092e00000, 0x0000000092e00000, 0x0000000092f00000|  0%| F|  |TAMS 0x0000000092e00000, 0x0000000092e00000| Untracked 
|  31|0x0000000092f00000, 0x0000000092f00000, 0x0000000093000000|  0%| F|  |TAMS 0x0000000092f00000, 0x0000000092f00000| Untracked 
|  32|0x0000000093000000, 0x0000000093000000, 0x0000000093100000|  0%| F|  |TAMS 0x0000000093000000, 0x0000000093000000| Untracked 
|  33|0x0000000093100000, 0x0000000093100000, 0x0000000093200000|  0%| F|  |TAMS 0x0000000093100000, 0x0000000093100000| Untracked 
|  34|0x0000000093200000, 0x0000000093200000, 0x0000000093300000|  0%| F|  |TAMS 0x0000000093200000, 0x0000000093200000| Untracked 
|  35|0x0000000093300000, 0x0000000093300000, 0x0000000093400000|  0%| F|  |TAMS 0x0000000093300000, 0x0000000093300000| Untracked 
|  36|0x0000000093400000, 0x0000000093400000, 0x0000000093500000|  0%| F|  |TAMS 0x0000000093400000, 0x0000000093400000| Untracked 
|  37|0x0000000093500000, 0x0000000093500000, 0x0000000093600000|  0%| F|  |TAMS 0x0000000093500000, 0x0000000093500000| Untracked 
|  38|0x0000000093600000, 0x0000000093600000, 0x0000000093700000|  0%| F|  |TAMS 0x0000000093600000, 0x0000000093600000| Untracked 
|  39|0x0000000093700000, 0x0000000093700000, 0x0000000093800000|  0%| F|  |TAMS 0x0000000093700000, 0x0000000093700000| Untracked 
|  40|0x0000000093800000, 0x0000000093800000, 0x0000000093900000|  0%| F|  |TAMS 0x0000000093800000, 0x0000000093800000| Untracked 
|  41|0x0000000093900000, 0x0000000093900000, 0x0000000093a00000|  0%| F|  |TAMS 0x0000000093900000, 0x0000000093900000| Untracked 
|  42|0x0000000093a00000, 0x0000000093a00000, 0x0000000093b00000|  0%| F|  |TAMS 0x0000000093a00000, 0x0000000093a00000| Untracked 
|  43|0x0000000093b00000, 0x0000000093b00000, 0x0000000093c00000|  0%| F|  |TAMS 0x0000000093b00000, 0x0000000093b00000| Untracked 
|  44|0x0000000093c00000, 0x0000000093c00000, 0x0000000093d00000|  0%| F|  |TAMS 0x0000000093c00000, 0x0000000093c00000| Untracked 
|  45|0x0000000093d00000, 0x0000000093d00000, 0x0000000093e00000|  0%| F|  |TAMS 0x0000000093d00000, 0x0000000093d00000| Untracked 
|  46|0x0000000093e00000, 0x0000000093e00000, 0x0000000093f00000|  0%| F|  |TAMS 0x0000000093e00000, 0x0000000093e00000| Untracked 
|  47|0x0000000093f00000, 0x0000000093f00000, 0x0000000094000000|  0%| F|  |TAMS 0x0000000093f00000, 0x0000000093f00000| Untracked 
|  48|0x0000000094000000, 0x0000000094000000, 0x0000000094100000|  0%| F|  |TAMS 0x0000000094000000, 0x0000000094000000| Untracked 
|  49|0x0000000094100000, 0x0000000094100000, 0x0000000094200000|  0%| F|  |TAMS 0x0000000094100000, 0x0000000094100000| Untracked 
|  50|0x0000000094200000, 0x0000000094200000, 0x0000000094300000|  0%| F|  |TAMS 0x0000000094200000, 0x0000000094200000| Untracked 
|  51|0x0000000094300000, 0x0000000094300000, 0x0000000094400000|  0%| F|  |TAMS 0x0000000094300000, 0x0000000094300000| Untracked 
|  52|0x0000000094400000, 0x0000000094400000, 0x0000000094500000|  0%| F|  |TAMS 0x0000000094400000, 0x0000000094400000| Untracked 
|  53|0x0000000094500000, 0x0000000094500000, 0x0000000094600000|  0%| F|  |TAMS 0x0000000094500000, 0x0000000094500000| Untracked 
|  54|0x0000000094600000, 0x0000000094600000, 0x0000000094700000|  0%| F|  |TAMS 0x0000000094600000, 0x0000000094600000| Untracked 
|  55|0x0000000094700000, 0x0000000094700000, 0x0000000094800000|  0%| F|  |TAMS 0x0000000094700000, 0x0000000094700000| Untracked 
|  56|0x0000000094800000, 0x0000000094800000, 0x0000000094900000|  0%| F|  |TAMS 0x0000000094800000, 0x0000000094800000| Untracked 
|  57|0x0000000094900000, 0x0000000094900000, 0x0000000094a00000|  0%| F|  |TAMS 0x0000000094900000, 0x0000000094900000| Untracked 
|  58|0x0000000094a00000, 0x0000000094a00000, 0x0000000094b00000|  0%| F|  |TAMS 0x0000000094a00000, 0x0000000094a00000| Untracked 
|  59|0x0000000094b00000, 0x0000000094b00000, 0x0000000094c00000|  0%| F|  |TAMS 0x0000000094b00000, 0x0000000094b00000| Untracked 
|  60|0x0000000094c00000, 0x0000000094c00000, 0x0000000094d00000|  0%| F|  |TAMS 0x0000000094c00000, 0x0000000094c00000| Untracked 
|  61|0x0000000094d00000, 0x0000000094d00000, 0x0000000094e00000|  0%| F|  |TAMS 0x0000000094d00000, 0x0000000094d00000| Untracked 
|  62|0x0000000094e00000, 0x0000000094e00000, 0x0000000094f00000|  0%| F|  |TAMS 0x0000000094e00000, 0x0000000094e00000| Untracked 
|  63|0x0000000094f00000, 0x0000000094f00000, 0x0000000095000000|  0%| F|  |TAMS 0x0000000094f00000, 0x0000000094f00000| Untracked 
|  64|0x0000000095000000, 0x0000000095000000, 0x0000000095100000|  0%| F|  |TAMS 0x0000000095000000, 0x0000000095000000| Untracked 
|  65|0x0000000095100000, 0x0000000095100000, 0x0000000095200000|  0%| F|  |TAMS 0x0000000095100000, 0x0000000095100000| Untracked 
|  66|0x0000000095200000, 0x0000000095200000, 0x0000000095300000|  0%| F|  |TAMS 0x0000000095200000, 0x0000000095200000| Untracked 
|  67|0x0000000095300000, 0x0000000095300000, 0x0000000095400000|  0%| F|  |TAMS 0x0000000095300000, 0x0000000095300000| Untracked 
|  68|0x0000000095400000, 0x0000000095400000, 0x0000000095500000|  0%| F|  |TAMS 0x0000000095400000, 0x0000000095400000| Untracked 
|  69|0x0000000095500000, 0x0000000095500000, 0x0000000095600000|  0%| F|  |TAMS 0x0000000095500000, 0x0000000095500000| Untracked 
|  70|0x0000000095600000, 0x0000000095600000, 0x0000000095700000|  0%| F|  |TAMS 0x0000000095600000, 0x0000000095600000| Untracked 
|  71|0x0000000095700000, 0x0000000095700000, 0x0000000095800000|  0%| F|  |TAMS 0x0000000095700000, 0x0000000095700000| Untracked 
|  72|0x0000000095800000, 0x0000000095800000, 0x0000000095900000|  0%| F|  |TAMS 0x0000000095800000, 0x0000000095800000| Untracked 
|  73|0x0000000095900000, 0x0000000095900000, 0x0000000095a00000|  0%| F|  |TAMS 0x0000000095900000, 0x0000000095900000| Untracked 
|  74|0x0000000095a00000, 0x0000000095a00000, 0x0000000095b00000|  0%| F|  |TAMS 0x0000000095a00000, 0x0000000095a00000| Untracked 
|  75|0x0000000095b00000, 0x0000000095b00000, 0x0000000095c00000|  0%| F|  |TAMS 0x0000000095b00000, 0x0000000095b00000| Untracked 
|  76|0x0000000095c00000, 0x0000000095c00000, 0x0000000095d00000|  0%| F|  |TAMS 0x0000000095c00000, 0x0000000095c00000| Untracked 
|  77|0x0000000095d00000, 0x0000000095d00000, 0x0000000095e00000|  0%| F|  |TAMS 0x0000000095d00000, 0x0000000095d00000| Untracked 
|  78|0x0000000095e00000, 0x0000000095e00000, 0x0000000095f00000|  0%| F|  |TAMS 0x0000000095e00000, 0x0000000095e00000| Untracked 
|  79|0x0000000095f00000, 0x0000000095f00000, 0x0000000096000000|  0%| F|  |TAMS 0x0000000095f00000, 0x0000000095f00000| Untracked 
|  80|0x0000000096000000, 0x0000000096000000, 0x0000000096100000|  0%| F|  |TAMS 0x0000000096000000, 0x0000000096000000| Untracked 
|  81|0x0000000096100000, 0x0000000096100000, 0x0000000096200000|  0%| F|  |TAMS 0x0000000096100000, 0x0000000096100000| Untracked 
|  82|0x0000000096200000, 0x0000000096200000, 0x0000000096300000|  0%| F|  |TAMS 0x0000000096200000, 0x0000000096200000| Untracked 
|  83|0x0000000096300000, 0x0000000096300000, 0x0000000096400000|  0%| F|  |TAMS 0x0000000096300000, 0x0000000096300000| Untracked 
|  84|0x0000000096400000, 0x0000000096400000, 0x0000000096500000|  0%| F|  |TAMS 0x0000000096400000, 0x0000000096400000| Untracked 
|  85|0x0000000096500000, 0x0000000096500000, 0x0000000096600000|  0%| F|  |TAMS 0x0000000096500000, 0x0000000096500000| Untracked 
|  86|0x0000000096600000, 0x0000000096600000, 0x0000000096700000|  0%| F|  |TAMS 0x0000000096600000, 0x0000000096600000| Untracked 
|  87|0x0000000096700000, 0x0000000096700000, 0x0000000096800000|  0%| F|  |TAMS 0x0000000096700000, 0x0000000096700000| Untracked 
|  88|0x0000000096800000, 0x0000000096800000, 0x0000000096900000|  0%| F|  |TAMS 0x0000000096800000, 0x0000000096800000| Untracked 
|  89|0x0000000096900000, 0x0000000096900000, 0x0000000096a00000|  0%| F|  |TAMS 0x0000000096900000, 0x0000000096900000| Untracked 
|  90|0x0000000096a00000, 0x0000000096a00000, 0x0000000096b00000|  0%| F|  |TAMS 0x0000000096a00000, 0x0000000096a00000| Untracked 
|  91|0x0000000096b00000, 0x0000000096b00000, 0x0000000096c00000|  0%| F|  |TAMS 0x0000000096b00000, 0x0000000096b00000| Untracked 
|  92|0x0000000096c00000, 0x0000000096c00000, 0x0000000096d00000|  0%| F|  |TAMS 0x0000000096c00000, 0x0000000096c00000| Untracked 
|  93|0x0000000096d00000, 0x0000000096d00000, 0x0000000096e00000|  0%| F|  |TAMS 0x0000000096d00000, 0x0000000096d00000| Untracked 
|  94|0x0000000096e00000, 0x0000000096e00000, 0x0000000096f00000|  0%| F|  |TAMS 0x0000000096e00000, 0x0000000096e00000| Untracked 
|  95|0x0000000096f00000, 0x0000000096f00000, 0x0000000097000000|  0%| F|  |TAMS 0x0000000096f00000, 0x0000000096f00000| Untracked 
|  96|0x0000000097000000, 0x0000000097000000, 0x0000000097100000|  0%| F|  |TAMS 0x0000000097000000, 0x0000000097000000| Untracked 
|  97|0x0000000097100000, 0x0000000097100000, 0x0000000097200000|  0%| F|  |TAMS 0x0000000097100000, 0x0000000097100000| Untracked 
|  98|0x0000000097200000, 0x0000000097200000, 0x0000000097300000|  0%| F|  |TAMS 0x0000000097200000, 0x0000000097200000| Untracked 
|  99|0x0000000097300000, 0x0000000097300000, 0x0000000097400000|  0%| F|  |TAMS 0x0000000097300000, 0x0000000097300000| Untracked 
| 100|0x0000000097400000, 0x0000000097500000, 0x0000000097500000|100%| E|  |TAMS 0x0000000097400000, 0x0000000097400000| Complete 
| 101|0x0000000097500000, 0x0000000097600000, 0x0000000097600000|100%| E|CS|TAMS 0x0000000097500000, 0x0000000097500000| Complete 
| 102|0x0000000097600000, 0x0000000097700000, 0x0000000097700000|100%| E|CS|TAMS 0x0000000097600000, 0x0000000097600000| Complete 
| 103|0x0000000097700000, 0x0000000097800000, 0x0000000097800000|100%| E|CS|TAMS 0x0000000097700000, 0x0000000097700000| Complete 
| 104|0x0000000097800000, 0x0000000097900000, 0x0000000097900000|100%| E|CS|TAMS 0x0000000097800000, 0x0000000097800000| Complete 
| 105|0x0000000097900000, 0x0000000097a00000, 0x0000000097a00000|100%| E|  |TAMS 0x0000000097900000, 0x0000000097900000| Complete 
| 106|0x0000000097a00000, 0x0000000097b00000, 0x0000000097b00000|100%| E|CS|TAMS 0x0000000097a00000, 0x0000000097a00000| Complete 
| 107|0x0000000097b00000, 0x0000000097c00000, 0x0000000097c00000|100%| E|CS|TAMS 0x0000000097b00000, 0x0000000097b00000| Complete 
| 108|0x0000000097c00000, 0x0000000097d00000, 0x0000000097d00000|100%| E|CS|TAMS 0x0000000097c00000, 0x0000000097c00000| Complete 
| 109|0x0000000097d00000, 0x0000000097e00000, 0x0000000097e00000|100%| E|CS|TAMS 0x0000000097d00000, 0x0000000097d00000| Complete 
| 110|0x0000000097e00000, 0x0000000097f00000, 0x0000000097f00000|100%| E|CS|TAMS 0x0000000097e00000, 0x0000000097e00000| Complete 
| 111|0x0000000097f00000, 0x0000000098000000, 0x0000000098000000|100%| E|CS|TAMS 0x0000000097f00000, 0x0000000097f00000| Complete 

Card table byte_map: [0x000002aba3f70000,0x000002aba42f0000] _byte_map_base: 0x000002aba3ae8000

Marking Bits (Prev, Next): (CMBitMap*) 0x000002ab9b3a1cc0, (CMBitMap*) 0x000002ab9b3a1d00
 Prev Bits: [0x000002aba4670000, 0x000002aba6230000)
 Next Bits: [0x000002aba6230000, 0x000002aba7df0000)

Polling page: 0x000002ab9b400000

Metaspace:

Usage:
  Non-class:      3.62 MB used.
      Class:    544.55 KB used.
       Both:      4.15 MB used.

Virtual space:
  Non-class space:       64.00 MB reserved,       3.69 MB (  6%) committed,  1 nodes.
      Class space:        1.00 GB reserved,     576.00 KB ( <1%) committed,  1 nodes.
             Both:        1.06 GB reserved,       4.25 MB ( <1%) committed. 

Chunk freelists:
   Non-Class:  11.92 MB
       Class:  15.25 MB
        Both:  27.17 MB

MaxMetaspaceSize: unlimited
CompressedClassSpaceSize: 1.00 GB
Initial GC threshold: 21.00 MB
Current GC threshold: 21.00 MB
CDS: on
MetaspaceReclaimPolicy: balanced
 - commit_granule_bytes: 65536.
 - commit_granule_words: 8192.
 - virtual_space_node_default_size: 8388608.
 - enlarge_chunks_in_place: 1.
 - new_chunks_are_fully_committed: 0.
 - uncommit_free_chunks: 1.
 - use_allocation_guard: 0.
 - handle_deallocations: 1.


Internal statistics:

num_allocs_failed_limit: 0.
num_arena_births: 74.
num_arena_deaths: 0.
num_vsnodes_births: 2.
num_vsnodes_deaths: 0.
num_space_committed: 68.
num_space_uncommitted: 0.
num_chunks_returned_to_freelist: 0.
num_chunks_taken_from_freelist: 84.
num_chunk_merges: 0.
num_chunk_splits: 56.
num_chunks_enlarged: 35.
num_inconsistent_stats: 0.

CodeCache: size=49152Kb used=2801Kb max_used=2801Kb free=46350Kb
 bounds [0x000002aba0310000, 0x000002aba05d0000, 0x000002aba3310000]
 total_blobs=1282 nmethods=852 adapters=357
 compilation: enabled
              stopped_count=0, restarted_count=0
 full_count=0

Compilation events (20 events):
Event: 7.301 Thread 0x000002abaa890910 nmethod 842 0x000002aba05c5d10 code [0x000002aba05c5ea0, 0x000002aba05c5f78]
Event: 7.303 Thread 0x000002abaad19150 nmethod 843 0x000002aba05c6010 code [0x000002aba05c6200, 0x000002aba05c66c8]
Event: 7.303 Thread 0x000002abaad19150  844       1       java.util.Properties::getProperty (50 bytes)
Event: 7.303 Thread 0x000002abaad19150 nmethod 844 0x000002aba05c6910 code [0x000002aba05c6ac0, 0x000002aba05c6c98]
Event: 7.307 Thread 0x000002abaa890910  845       1       java.lang.Class::cast (27 bytes)
Event: 7.308 Thread 0x000002abaa890910 nmethod 845 0x000002aba05c7690 code [0x000002aba05c7840, 0x000002aba05c79f8]
Event: 7.310 Thread 0x000002abaa890910  846       1       java.lang.invoke.MethodHandles$Lookup::in (283 bytes)
Event: 7.310 Thread 0x000002abaad19150  847       1       java.security.AccessController::executePrivileged (65 bytes)
Event: 7.311 Thread 0x000002abaad19150 nmethod 847 0x000002aba05c7b10 code [0x000002aba05c7cc0, 0x000002aba05c7db8]
Event: 7.311 Thread 0x000002abaad19150  848       1       java.lang.invoke.Invokers$Holder::linkToTargetMethod (9 bytes)
Event: 7.311 Thread 0x000002abaad19150 nmethod 848 0x000002aba05c7e90 code [0x000002aba05c8040, 0x000002aba05c8158]
Event: 7.311 Thread 0x000002abaad19150  849       1       java.security.AccessController::doPrivileged (9 bytes)
Event: 7.311 Thread 0x000002abaad19150 nmethod 849 0x000002aba05c8210 code [0x000002aba05c83c0, 0x000002aba05c84b8]
Event: 7.312 Thread 0x000002abaad19150  850       1       java.lang.Class::descriptorString (170 bytes)
Event: 7.312 Thread 0x000002abaa890910 nmethod 846 0x000002aba05c8590 code [0x000002aba05c88a0, 0x000002aba05c9538]
Event: 7.313 Thread 0x000002abaad19150 nmethod 850 0x000002aba05c9b90 code [0x000002aba05c9ee0, 0x000002aba05caa58]
Event: 7.321 Thread 0x000002abaad19150  851       1       java.util.ImmutableCollections$List12::size (16 bytes)
Event: 7.322 Thread 0x000002abaad19150 nmethod 851 0x000002aba05cb110 code [0x000002aba05cb2a0, 0x000002aba05cb378]
Event: 7.322 Thread 0x000002abaa890910  852       1       sun.invoke.util.VerifyAccess::isMemberAccessible (338 bytes)
Event: 7.323 Thread 0x000002abaa890910 nmethod 852 0x000002aba05cb410 code [0x000002aba05cb6e0, 0x000002aba05cc048]

GC Heap History (0 events):
No events

Dll operation events (3 events):
Event: 0.020 Loaded shared library C:\Users\freir\.jdks\jbr-17.0.14\bin\java.dll
Event: 1.441 Loaded shared library C:\Users\freir\.jdks\jbr-17.0.14\bin\jsvml.dll
Event: 2.664 Loaded shared library C:\Users\freir\.jdks\jbr-17.0.14\bin\zip.dll

Deoptimization events (0 events):
No events

Classes loaded (20 events):
Event: 7.319 Loading class java/net/Inet4AddressImpl done
Event: 7.320 Loading class java/util/LinkedList$ListItr
Event: 7.320 Loading class java/util/LinkedList$ListItr done
Event: 7.320 Loading class sun/rmi/runtime/NewThreadAction
Event: 7.320 Loading class sun/rmi/runtime/NewThreadAction done
Event: 7.320 Loading class sun/rmi/runtime/NewThreadAction$1
Event: 7.321 Loading class sun/rmi/runtime/NewThreadAction$1 done
Event: 7.321 Loading class sun/rmi/runtime/NewThreadAction$2
Event: 7.321 Loading class sun/rmi/runtime/NewThreadAction$2 done
Event: 7.321 Loading class sun/rmi/transport/tcp/TCPTransport$AcceptLoop
Event: 7.321 Loading class sun/rmi/transport/tcp/TCPTransport$AcceptLoop done
Event: 7.322 Loading class sun/rmi/server/WeakClassHashMap$ValueCell
Event: 7.322 Loading class sun/rmi/server/WeakClassHashMap$ValueCell done
Event: 7.323 Loading class sun/rmi/server/UnicastServerRef$HashToMethod_Maps$1
Event: 7.323 Loading class sun/rmi/server/UnicastServerRef$HashToMethod_Maps$1 done
Event: 7.323 Loading class java/io/DataOutputStream
Event: 7.323 Loading class java/io/DataOutputStream done
Event: 7.323 Loading class java/security/DigestOutputStream
Event: 7.323 Loading class java/security/DigestOutputStream done
Event: 7.324 Loading class java/io/ObjectOutputStream

Classes unloaded (0 events):
No events

Classes redefined (0 events):
No events

Internal exceptions (10 events):
Event: 4.903 Thread 0x000002abaaf3d6d0 Exception <a 'java/lang/NoSuchMethodError'{0x0000000097704038}: 'java.lang.Object java.lang.invoke.DirectMethodHandle$Holder.invokeStaticInit(java.lang.Object)'> (0x0000000097704038) 
thrown [s\src\hotspot\share\interpreter\linkResolver.cpp, line 771]
Event: 4.920 Thread 0x000002abaaf3d6d0 Exception <a 'java/lang/NoSuchMethodError'{0x00000000977128f8}: 'void java.lang.invoke.DirectMethodHandle$Holder.invokeStatic(java.lang.Object, java.lang.Object)'> (0x00000000977128f8) 
thrown [s\src\hotspot\share\interpreter\linkResolver.cpp, line 771]
Event: 4.976 Thread 0x000002ab9b34cf20 Exception <a 'java/lang/NoSuchMethodError'{0x00000000977aa4e8}: 'int java.lang.invoke.DirectMethodHandle$Holder.invokeInterface(java.lang.Object, java.lang.Object)'> (0x00000000977aa4e8) 
thrown [s\src\hotspot\share\interpreter\linkResolver.cpp, line 771]
Event: 4.976 Thread 0x000002ab9b34cf20 Exception <a 'java/lang/IncompatibleClassChangeError'{0x00000000977adae8}: Found class java.lang.Object, but interface was expected> (0x00000000977adae8) 
thrown [s\src\hotspot\share\interpreter\linkResolver.cpp, line 838]
Event: 5.048 Thread 0x000002ab9b34cf20 Exception <a 'java/lang/NoSuchMethodError'{0x0000000097679498}: 'int java.lang.invoke.DirectMethodHandle$Holder.invokeSpecial(java.lang.Object, java.lang.Object, java.lang.Object)'> (0x0000000097679498) 
thrown [s\src\hotspot\share\interpreter\linkResolver.cpp, line 771]
Event: 6.133 Thread 0x000002ab9b34cf20 Exception <a 'java/lang/NoSuchMethodError'{0x0000000097573c28}: 'void java.lang.invoke.DirectMethodHandle$Holder.invokeStatic(java.lang.Object, java.lang.Object, java.lang.Object)'> (0x0000000097573c28) 
thrown [s\src\hotspot\share\interpreter\linkResolver.cpp, line 771]
Event: 6.153 Thread 0x000002ab9b34cf20 Exception <a 'java/lang/NoSuchMethodError'{0x00000000975b0640}: 'int java.lang.invoke.DirectMethodHandle$Holder.invokeSpecialIFC(java.lang.Object, java.lang.Object, java.lang.Object)'> (0x00000000975b0640) 
thrown [s\src\hotspot\share\interpreter\linkResolver.cpp, line 771]
Event: 6.188 Thread 0x000002ab9b34cf20 Exception <a 'java/lang/NoSuchMethodError'{0x0000000097427178}: 'java.lang.Object java.lang.invoke.DirectMethodHandle$Holder.invokeStaticInit(java.lang.Object, int, int, int, int)'> (0x0000000097427178) 
thrown [s\src\hotspot\share\interpreter\linkResolver.cpp, line 771]
Event: 6.249 Thread 0x000002ab9b34cf20 Exception <a 'java/lang/NoSuchMethodError'{0x0000000097486208}: 'java.lang.Object java.lang.invoke.DirectMethodHandle$Holder.invokeStaticInit(java.lang.Object, java.lang.Object, int, int, int, int)'> (0x0000000097486208) 
thrown [s\src\hotspot\share\interpreter\linkResolver.cpp, line 771]
Event: 7.309 Thread 0x000002ab9b34cf20 Exception <a 'java/lang/ClassNotFoundException'{0x00000000974a4340}: javax/management/remote/rmi/RMIServerImpl_Skel> (0x00000000974a4340) 
thrown [s\src\hotspot\share\classfile\systemDictionary.cpp, line 256]

VM Operations (20 events):
Event: 2.621 Executing VM operation: Cleanup done
Event: 2.641 Executing VM operation: HandshakeAllThreads
Event: 2.641 Executing VM operation: HandshakeAllThreads done
Event: 3.652 Executing VM operation: Cleanup
Event: 3.652 Executing VM operation: Cleanup done
Event: 4.901 Executing VM operation: HandshakeAllThreads
Event: 4.901 Executing VM operation: HandshakeAllThreads done
Event: 4.901 Executing VM operation: Cleanup
Event: 4.901 Executing VM operation: Cleanup done
Event: 4.982 Executing VM operation: HandshakeAllThreads
Event: 4.982 Executing VM operation: HandshakeAllThreads done
Event: 4.983 Executing VM operation: HandshakeAllThreads
Event: 4.983 Executing VM operation: HandshakeAllThreads done
Event: 5.995 Executing VM operation: Cleanup
Event: 6.116 Executing VM operation: Cleanup done
Event: 6.175 Executing VM operation: HandshakeAllThreads
Event: 6.175 Executing VM operation: HandshakeAllThreads done
Event: 7.184 Executing VM operation: Cleanup
Event: 7.278 Executing VM operation: Cleanup done
Event: 8.291 Executing VM operation: Cleanup

Memory protections (0 events):
No events

Nmethod flushes (0 events):
No events

Events (20 events):
Event: 1.457 Thread 0x000002ab9b34cf20 Thread added: 0x000002abaa88eea0
Event: 1.457 Thread 0x000002ab9b34cf20 Thread added: 0x000002abaa88f770
Event: 1.457 Thread 0x000002ab9b34cf20 Thread added: 0x000002abaa890040
Event: 1.457 Thread 0x000002ab9b34cf20 Thread added: 0x000002abaa890910
Event: 1.457 Thread 0x000002ab9b34cf20 Thread added: 0x000002abaa8ac260
Event: 2.622 Thread 0x000002ab9b34cf20 Thread added: 0x000002abaabed130
Event: 2.641 Thread 0x000002abaa890910 Thread added: 0x000002abaabf7680
Event: 2.670 Loaded shared library C:\Users\freir\.jdks\jbr-17.0.14\bin\instrument.dll
Event: 2.682 Loaded shared library C:\Users\freir\.jdks\jbr-17.0.14\bin\net.dll
Event: 2.685 Loaded shared library C:\Users\freir\.jdks\jbr-17.0.14\bin\nio.dll
Event: 2.691 Loaded shared library C:\Users\freir\.jdks\jbr-17.0.14\bin\zip.dll
Event: 3.729 Thread 0x000002abaabf7680 Thread exited: 0x000002abaabf7680
Event: 3.896 Thread 0x000002abaa890910 Thread added: 0x000002abaad19150
Event: 4.898 Thread 0x000002ab9b34cf20 Thread added: 0x000002abaaf3d6d0
Event: 4.899 Thread 0x000002ab9b34cf20 Thread added: 0x000002abaaf3e1c0
Event: 4.918 Loaded shared library C:\Users\freir\.jdks\jbr-17.0.14\bin\extnet.dll
Event: 4.926 Loaded shared library C:\Users\freir\.jdks\jbr-17.0.14\bin\jimage.dll
Event: 4.953 Loaded shared library C:\Users\freir\.jdks\jbr-17.0.14\bin\management.dll
Event: 4.971 Loaded shared library C:\Users\freir\.jdks\jbr-17.0.14\bin\management_ext.dll
Event: 7.322 Thread 0x000002ab9b34cf20 Thread added: 0x000002abf00d0a70


Dynamic libraries:
0x00007ff7ca000000 - 0x00007ff7ca00a000 	C:\Users\freir\.jdks\jbr-17.0.14\bin\java.exe
0x00007ffd279c0000 - 0x00007ffd27c26000 	C:\WINDOWS\SYSTEM32\ntdll.dll
0x00007ffd26630000 - 0x00007ffd266f9000 	C:\WINDOWS\System32\KERNEL32.DLL
0x00007ffd25100000 - 0x00007ffd254cc000 	C:\WINDOWS\System32\KERNELBASE.dll
0x00007ffd25570000 - 0x00007ffd256bb000 	C:\WINDOWS\System32\ucrtbase.dll
0x00007ffd16f60000 - 0x00007ffd16f7b000 	C:\Users\freir\.jdks\jbr-17.0.14\bin\VCRUNTIME140.dll
0x00007ffd150e0000 - 0x00007ffd150f7000 	C:\Users\freir\.jdks\jbr-17.0.14\bin\jli.dll
0x00007ffd26980000 - 0x00007ffd26b4a000 	C:\WINDOWS\System32\USER32.dll
0x00007ffd13a50000 - 0x00007ffd13cea000 	C:\WINDOWS\WinSxS\amd64_microsoft.windows.common-controls_6595b64144ccf1df_6.0.26100.3912_none_3e07963ce335137e\COMCTL32.dll
0x00007ffd24c00000 - 0x00007ffd24c27000 	C:\WINDOWS\System32\win32u.dll
0x00007ffd26700000 - 0x00007ffd267a9000 	C:\WINDOWS\System32\msvcrt.dll
0x00007ffd25cf0000 - 0x00007ffd25d1b000 	C:\WINDOWS\System32\GDI32.dll
0x00007ffd24fc0000 - 0x00007ffd250f2000 	C:\WINDOWS\System32\gdi32full.dll
0x00007ffd24b50000 - 0x00007ffd24bf3000 	C:\WINDOWS\System32\msvcp_win.dll
0x00007ffd26bb0000 - 0x00007ffd26be0000 	C:\WINDOWS\System32\IMM32.DLL
0x00007ffd1de50000 - 0x00007ffd1de5c000 	C:\Users\freir\.jdks\jbr-17.0.14\bin\vcruntime140_1.dll
0x00007ffd040f0000 - 0x00007ffd0417d000 	C:\Users\freir\.jdks\jbr-17.0.14\bin\msvcp140.dll
0x00007ffcc9d20000 - 0x00007ffcca9ae000 	C:\Users\freir\.jdks\jbr-17.0.14\bin\server\jvm.dll
0x00007ffd25d30000 - 0x00007ffd25de2000 	C:\WINDOWS\System32\ADVAPI32.dll
0x00007ffd25bc0000 - 0x00007ffd25c66000 	C:\WINDOWS\System32\sechost.dll
0x00007ffd26860000 - 0x00007ffd26976000 	C:\WINDOWS\System32\RPCRT4.dll
0x00007ffd25c70000 - 0x00007ffd25ce4000 	C:\WINDOWS\System32\WS2_32.dll
0x00007ffd249a0000 - 0x00007ffd249fe000 	C:\WINDOWS\SYSTEM32\POWRPROF.dll
0x00007ffd1bb70000 - 0x00007ffd1bba6000 	C:\WINDOWS\SYSTEM32\WINMM.dll
0x00007ffd1db80000 - 0x00007ffd1db8b000 	C:\WINDOWS\SYSTEM32\VERSION.dll
0x00007ffd24970000 - 0x00007ffd24984000 	C:\WINDOWS\SYSTEM32\UMPDC.dll
0x00007ffd238f0000 - 0x00007ffd2390a000 	C:\WINDOWS\SYSTEM32\kernel.appcore.dll
0x00007ffd19310000 - 0x00007ffd1931a000 	C:\Users\freir\.jdks\jbr-17.0.14\bin\jimage.dll
0x00007ffd21fb0000 - 0x00007ffd221f1000 	C:\WINDOWS\SYSTEM32\DBGHELP.DLL
0x00007ffd26dc0000 - 0x00007ffd27144000 	C:\WINDOWS\System32\combase.dll
0x00007ffd27880000 - 0x00007ffd27960000 	C:\WINDOWS\System32\OLEAUT32.dll
0x00007ffd10390000 - 0x00007ffd103c9000 	C:\WINDOWS\SYSTEM32\dbgcore.DLL
0x00007ffd254d0000 - 0x00007ffd25569000 	C:\WINDOWS\System32\bcryptPrimitives.dll
0x00007ffd15530000 - 0x00007ffd1553e000 	C:\Users\freir\.jdks\jbr-17.0.14\bin\instrument.dll
0x00007ffd109c0000 - 0x00007ffd109e5000 	C:\Users\freir\.jdks\jbr-17.0.14\bin\java.dll
0x00007ffd01b50000 - 0x00007ffd01c27000 	C:\Users\freir\.jdks\jbr-17.0.14\bin\jsvml.dll
0x00007ffd27150000 - 0x00007ffd2787d000 	C:\WINDOWS\System32\SHELL32.dll
0x00007ffd24c30000 - 0x00007ffd24da4000 	C:\WINDOWS\System32\wintypes.dll
0x00007ffd227b0000 - 0x00007ffd23006000 	C:\WINDOWS\SYSTEM32\windows.storage.dll
0x00007ffd25f70000 - 0x00007ffd2605f000 	C:\WINDOWS\System32\SHCORE.dll
0x00007ffd25df0000 - 0x00007ffd25e59000 	C:\WINDOWS\System32\shlwapi.dll
0x00007ffd24a60000 - 0x00007ffd24a8f000 	C:\WINDOWS\SYSTEM32\profapi.dll
0x00007ffd13700000 - 0x00007ffd13718000 	C:\Users\freir\.jdks\jbr-17.0.14\bin\zip.dll
0x00007ffd13560000 - 0x00007ffd13579000 	C:\Users\freir\.jdks\jbr-17.0.14\bin\net.dll
0x00007ffd1ccf0000 - 0x00007ffd1ce0e000 	C:\WINDOWS\SYSTEM32\WINHTTP.dll
0x00007ffd23e80000 - 0x00007ffd23eea000 	C:\WINDOWS\system32\mswsock.dll
0x00007ffd11630000 - 0x00007ffd11646000 	C:\Users\freir\.jdks\jbr-17.0.14\bin\nio.dll
0x00007ffd109b0000 - 0x00007ffd109b9000 	C:\Users\freir\.jdks\jbr-17.0.14\bin\extnet.dll
0x00007ffd23390000 - 0x00007ffd234b7000 	C:\WINDOWS\SYSTEM32\DNSAPI.dll
0x00007ffd23300000 - 0x00007ffd23333000 	C:\WINDOWS\SYSTEM32\IPHLPAPI.DLL
0x00007ffd25d20000 - 0x00007ffd25d2a000 	C:\WINDOWS\System32\NSI.dll
0x00007ffd18390000 - 0x00007ffd1839b000 	C:\Windows\System32\rasadhlp.dll
0x00007ffd193a0000 - 0x00007ffd19426000 	C:\WINDOWS\System32\fwpuclnt.dll
0x00007ffd10970000 - 0x00007ffd10979000 	C:\Users\freir\.jdks\jbr-17.0.14\bin\management.dll
0x00007ffd10960000 - 0x00007ffd1096b000 	C:\Users\freir\.jdks\jbr-17.0.14\bin\management_ext.dll
0x00007ffd27970000 - 0x00007ffd27978000 	C:\WINDOWS\System32\PSAPI.DLL
0x00007ffd24120000 - 0x00007ffd2413c000 	C:\WINDOWS\SYSTEM32\CRYPTSP.dll
0x00007ffd23850000 - 0x00007ffd2388a000 	C:\WINDOWS\system32\rsaenh.dll
0x00007ffd23f20000 - 0x00007ffd23f4b000 	C:\WINDOWS\SYSTEM32\USERENV.dll
0x00007ffd24a30000 - 0x00007ffd24a56000 	C:\WINDOWS\SYSTEM32\bcrypt.dll
0x00007ffd24140000 - 0x00007ffd2414c000 	C:\WINDOWS\SYSTEM32\CRYPTBASE.dll
0x00007ffd1c2c0000 - 0x00007ffd1c2df000 	C:\WINDOWS\SYSTEM32\dhcpcsvc6.DLL
0x00007ffd1c120000 - 0x00007ffd1c145000 	C:\WINDOWS\SYSTEM32\dhcpcsvc.DLL
0x00007ffd06800000 - 0x00007ffd06818000 	C:\WINDOWS\system32\napinsp.dll
0x00007ffd067e0000 - 0x00007ffd067f2000 	C:\WINDOWS\System32\winrnr.dll
0x00007ffd067a0000 - 0x00007ffd067d0000 	C:\WINDOWS\system32\nlansp_c.dll
0x00007ffd1c150000 - 0x00007ffd1c170000 	C:\WINDOWS\system32\wshbth.dll

dbghelp: loaded successfully - version: 4.0.5 - missing functions: none
symbol engine: initialized successfully - sym options: 0x614 - pdb path: .;C:\Users\freir\.jdks\jbr-17.0.14\bin;C:\WINDOWS\SYSTEM32;C:\WINDOWS\WinSxS\amd64_microsoft.windows.common-controls_6595b64144ccf1df_6.0.26100.3912_none_3e07963ce335137e;C:\Users\freir\.jdks\jbr-17.0.14\bin\server

VM Arguments:
jvm_args: -DDB_NAME=root -DDB_PASSWORD=HGHencExfjXbxCUBGTSHxoBbZNSoZcVK -DDB_URL=jdbc:mysql://shinkansen.proxy.rlwy.net:20166/railway -XX:TieredStopAtLevel=1 -Dspring.output.ansi.enabled=always -Dcom.sun.management.jmxremote -Dspring.jmx.enabled=true -Dspring.liveBeansView.mbeanDomain -Dspring.application.admin.enabled=true -Dmanagement.endpoints.jmx.exposure.include=* -javaagent:C:\Users\freir\AppData\Local\JetBrains\IntelliJ IDEA 2024.3.5\lib\idea_rt.jar=56688 -Dfile.encoding=UTF-8 
java_command: br.com.EntreQuizDev.EntreQuizDevApplication
java_class_path (initial): D:\EntreQuizDev\EntreQuizDev\target\classes;C:\Users\freir\.m2\repository\org\springframework\boot\spring-boot-starter-data-jpa\3.4.5\spring-boot-starter-data-jpa-3.4.5.jar;C:\Users\freir\.m2\repository\org\springframework\boot\spring-boot-starter\3.4.5\spring-boot-starter-3.4.5.jar;C:\Users\freir\.m2\repository\org\springframework\boot\spring-boot\3.4.5\spring-boot-3.4.5.jar;C:\Users\freir\.m2\repository\org\springframework\boot\spring-boot-autoconfigure\3.4.5\spring-boot-autoconfigure-3.4.5.jar;C:\Users\freir\.m2\repository\org\springframework\boot\spring-boot-starter-logging\3.4.5\spring-boot-starter-logging-3.4.5.jar;C:\Users\freir\.m2\repository\ch\qos\logback\logback-classic\1.5.18\logback-classic-1.5.18.jar;C:\Users\freir\.m2\repository\ch\qos\logback\logback-core\1.5.18\logback-core-1.5.18.jar;C:\Users\freir\.m2\repository\org\apache\logging\log4j\log4j-to-slf4j\2.24.3\log4j-to-slf4j-2.24.3.jar;C:\Users\freir\.m2\repository\org\apache\logging\log4j\log4j-api\2.24.3\log4j-api-2.24.3.jar;C:\Users\freir\.m2\repository\org\slf4j\jul-to-slf4j\2.0.17\jul-to-slf4j-2.0.17.jar;C:\Users\freir\.m2\repository\jakarta\annotation\jakarta.annotation-api\2.1.1\jakarta.annotation-api-2.1.1.jar;C:\Users\freir\.m2\repository\org\yaml\snakeyaml\2.3\snakeyaml-2.3.jar;C:\Users\freir\.m2\repository\org\springframework\boot\spring-boot-starter-jdbc\3.4.5\spring-boot-starter-jdbc-3.4.5.jar;C:\Users\freir\.m2\repository\com\zaxxer\HikariCP\5.1.0\HikariCP-5.1.0.jar;C:\Users\freir\.m2\repository\org\springframework\spring-jdbc\6.2.6\spring-jdbc-6.2.6.jar;C:\Users\freir\.m2\repository\org\hibernate\orm\hibernate-core\6.6.13.Final\hibernate-core-6.6.13.Final.jar;C:\Users\freir\.m2\repository\jakarta\persistence\jakarta.persistence-api\3.1.0\jakarta.persistence-api-3.1.0.jar;C:\Users\freir\.m2\repository\jakarta\transaction\jakarta.transaction-api\2.0.1\jakarta.transaction-api-2.0.1.jar;C:\Users\freir\.m2\repository\org\jboss\logging\jboss-logging\3.6.1.Final\
Launcher Type: SUN_STANDARD

[Global flags]
     intx CICompilerCount                          = 4                                         {product} {ergonomic}
     uint ConcGCThreads                            = 2                                         {product} {ergonomic}
     uint G1ConcRefinementThreads                  = 8                                         {product} {ergonomic}
   size_t G1HeapRegionSize                         = 1048576                                   {product} {ergonomic}
    uintx GCDrainStackTargetSize                   = 64                                        {product} {ergonomic}
   size_t InitialHeapSize                          = 117440512                                 {product} {ergonomic}
     bool ManagementServer                         = true                                      {product} {command line}
   size_t MarkStackSize                            = 4194304                                   {product} {ergonomic}
   size_t MaxHeapSize                              = 1862270976                                {product} {ergonomic}
   size_t MaxNewSize                               = 1116733440                                {product} {ergonomic}
   size_t MinHeapDeltaBytes                        = 1048576                                   {product} {ergonomic}
   size_t MinHeapSize                              = 8388608                                   {product} {ergonomic}
    uintx NonProfiledCodeHeapSize                  = 0                                      {pd product} {ergonomic}
     bool ProfileInterpreter                       = false                                  {pd product} {command line}
    uintx ProfiledCodeHeapSize                     = 0                                      {pd product} {ergonomic}
   size_t SoftMaxHeapSize                          = 1862270976                             {manageable} {ergonomic}
     intx TieredStopAtLevel                        = 1                                         {product} {command line}
     bool UseCompressedClassPointers               = true                           {product lp64_product} {ergonomic}
     bool UseCompressedOops                        = true                           {product lp64_product} {ergonomic}
     bool UseG1GC                                  = true                                      {product} {ergonomic}
     bool UseLargePagesIndividualAllocation        = false                                  {pd product} {ergonomic}

Logging:
Log output configuration:
 #0: stdout all=warning uptime,level,tags
 #1: stderr all=off uptime,level,tags

Environment Variables:
JAVA_HOME=C:\Program Files\Eclipse Adoptium\jdk-17.0.15.6-hotspot
PATH=C:\Program Files\Eclipse Adoptium\jdk-17.0.15.6-hotspot\bin;C:\WINDOWS\system32;C:\WINDOWS;C:\WINDOWS\System32\Wbem;C:\WINDOWS\System32\WindowsPowerShell\v1.0\;C:\WINDOWS\System32\OpenSSH\;C:\Program Files\Git\cmd;C:\Users\freir\Downloads\apache-maven-3.9.9-bin\apache-maven-3.9.9\bin;C:\Program Files\Eclipse Adoptium\jdk-17.0.15.6-hotspot\bin;C:\Users\freir\AppData\Local\Microsoft\WindowsApps;
USERNAME=freir
OS=Windows_NT
PROCESSOR_IDENTIFIER=AMD64 Family 23 Model 24 Stepping 1, AuthenticAMD
TMP=C:\Users\freir\AppData\Local\Temp
TEMP=C:\Users\freir\AppData\Local\Temp



Periodic native trim disabled

JNI global refs:
JNI global refs: 16, weak refs: 0

JNI global refs memory usage: 843, weak refs: 209

Process memory usage:
Resident Set Size: 98180K (1% of 7274124K total physical memory with 722684K free physical memory)

OOME stack traces (most recent first):
Classloader memory used:
Loader bootstrap                                                                       : 529K
Loader jdk.internal.loader.ClassLoaders$AppClassLoader                                 : 1741B
Loader jdk.internal.reflect.DelegatingClassLoader                                      : 432B


---------------  S Y S T E M  ---------------

OS:
 Windows 11 , 64 bit Build 26100 (10.0.26100.3912)
OS uptime: 0 days 19:02 hours
Hyper-V role detected

CPU: total 8 (initial active 8) (8 cores per cpu, 2 threads per core) family 23 model 24 stepping 1 microcode 0x8108109, cx8, cmov, fxsr, ht, mmx, 3dnowpref, sse, sse2, sse3, ssse3, sse4a, sse4.1, sse4.2, popcnt, lzcnt, tsc, tscinvbit, avx, avx2, aes, clmul, bmi1, bmi2, adx, sha, fma, vzeroupper, clflush, clflushopt, hv
Processor Information for all 8 processors :
  Max Mhz: 2100, Current Mhz: 2100, Mhz Limit: 2100

Memory: 4k page, system-wide physical 7103M (705M free)
TotalPageFile size 17343M (AvailPageFile size 576M)
current process WorkingSet (physical memory assigned to process): 96M, peak: 96M
current process commit charge ("private bytes"): 234M, peak: 235M

vm_info: OpenJDK 64-Bit Server VM (17.0.14+1-b1367.22) for windows-amd64 JRE (17.0.14+1-b1367.22), built on 2025-01-30 by "builduser" with MS VC++ 16.10 / 16.11 (VS2019)

END.
