#
# There is insufficient memory for the Java Runtime Environment to continue.
# Native memory allocation (mmap) failed to map 117440512 bytes. Error detail: G1 virtual space
# Possible reasons:
#   The system is out of physical RAM or swap space
#   This process is running with CompressedOops enabled, and the Java Heap may be blocking the growth of the native heap
# Possible solutions:
#   Reduce memory load on the system
#   Increase physical memory or swap space
#   Check if swap backing store is full
#   Decrease Java heap size (-Xmx/-Xms)
#   Decrease number of Java threads
#   Decrease Java thread stack sizes (-Xss)
#   Set larger code cache with -XX:ReservedCodeCacheSize=
#   JVM is running with Unscaled Compressed Oops mode in which the Java heap is
#     placed in the first 4GB address space. The Java Heap base address is the
#     maximum limit for the native heap growth. Please use -XX:HeapBaseMinAddress
#     to set the Java Heap base and to place the Java Heap above 4GB virtual address.
# This output file may be truncated or incomplete.
#
#  Out of Memory Error (os_windows.cpp:3618), pid=20060, tid=22584
#
# JRE version:  (17.0.15+6) (build )
# Java VM: OpenJDK 64-Bit Server VM (17.0.15+6, mixed mode, sharing, tiered, compressed oops, compressed class ptrs, g1 gc, windows-amd64)
# No core dump will be written. Minidumps are not enabled by default on client versions of Windows
#

---------------  S U M M A R Y ------------

Command Line: C:\Users\freir\AppData\Local\Temp\surefire17711853458654068692\surefirebooter-20250602223736313_3.jar C:\Users\freir\AppData\Local\Temp\surefire17711853458654068692 2025-06-02T22-37-35_700-jvmRun1 surefire-20250602223736313_1tmp surefire_0-20250602223736313_2tmp

Host: AMD Ryzen 5 3500U with Radeon Vega Mobile Gfx  , 8 cores, 6G,  Windows 11 , 64 bit Build 26100 (10.0.26100.3912)
Time: Mon Jun  2 22:37:36 2025 Hora oficial do Brasil elapsed time: 0.021920 seconds (0d 0h 0m 0s)

---------------  T H R E A D  ---------------

Current thread (0x0000017bbb2f83e0):  JavaThread "Unknown thread" [_thread_in_vm, id=22584, stack(0x0000004b2a900000,0x0000004b2aa00000)]

Stack: [0x0000004b2a900000,0x0000004b2aa00000]
Native frames: (J=compiled Java code, j=interpreted, Vv=VM code, C=native code)
V  [jvm.dll+0x682fc9]
V  [jvm.dll+0x839878]
V  [jvm.dll+0x83b323]
V  [jvm.dll+0x83b993]
V  [jvm.dll+0x24725f]
V  [jvm.dll+0x67fda9]
V  [jvm.dll+0x674c9a]
V  [jvm.dll+0x304d06]
V  [jvm.dll+0x30c1c6]
V  [jvm.dll+0x35dd4e]
V  [jvm.dll+0x35df8d]
V  [jvm.dll+0x2dc0cc]
V  [jvm.dll+0x2dcfe4]
V  [jvm.dll+0x80b7cb]
V  [jvm.dll+0x36b781]
V  [jvm.dll+0x7ea31f]
V  [jvm.dll+0x3f237e]
V  [jvm.dll+0x3f3eb1]
C  [jli.dll+0x5278]
C  [ucrtbase.dll+0x37b0]
C  [KERNEL32.DLL+0x2e8d7]
C  [ntdll.dll+0x9c5dc]


---------------  P R O C E S S  ---------------

Threads class SMR info:
_java_thread_list=0x00007ffcb0877f58, length=0, elements={
}

Java Threads: ( => current thread )

Other Threads:
  0x0000017bbb34b0c0 GCTaskThread "GC Thread#0" [stack: 0x0000004b2aa00000,0x0000004b2ab00000] [id=17244]
  0x0000017bbb359e80 ConcurrentGCThread "G1 Main Marker" [stack: 0x0000004b2ab00000,0x0000004b2ac00000] [id=24496]
  0x0000017bbb35c1d0 ConcurrentGCThread "G1 Conc#0" [stack: 0x0000004b2ac00000,0x0000004b2ad00000] [id=16364]

[error occurred during error reporting (printing all threads), id 0xc0000005, EXCEPTION_ACCESS_VIOLATION (0xc0000005) at pc=0x00007ffcb002cbf7]

VM state: not at safepoint (not fully initialized)

VM Mutex/Monitor currently owned by a thread:  ([mutex/lock_event])
[0x0000017bbb2f3970] Heap_lock - owner thread: 0x0000017bbb2f83e0

Heap address: 0x0000000091000000, size: 1776 MB, Compressed Oops mode: 32-bit

CDS archive(s) mapped at: [0x0000000000000000-0x0000000000000000-0x0000000000000000), size 0, SharedBaseAddress: 0x0000000800000000, ArchiveRelocationMode: 1.
Narrow klass base: 0x0000000000000000, Narrow klass shift: 0, Narrow klass range: 0x0

GC Precious Log:
<Empty>

Heap:
 garbage-first heap   total 0K, used 0K [0x0000000091000000, 0x0000000100000000)
  region size 1024K, 0 young (0K), 0 survivors (0K)

[error occurred during error reporting (printing heap information), id 0xc0000005, EXCEPTION_ACCESS_VIOLATION (0xc0000005) at pc=0x00007ffcb041c689]

GC Heap History (0 events):
No events

Dll operation events (1 events):
Event: 0.012 Loaded shared library C:\Program Files\Eclipse Adoptium\jdk-17.0.15.6-hotspot\bin\java.dll

Deoptimization events (0 events):
No events

Classes loaded (0 events):
No events

Classes unloaded (0 events):
No events

Classes redefined (0 events):
No events

Internal exceptions (0 events):
No events

VM Operations (0 events):
No events

Memory protections (0 events):
No events

Nmethod flushes (0 events):
No events

Events (0 events):
No events


Dynamic libraries:
0x00007ff7bbf50000 - 0x00007ff7bbf5e000 	C:\Program Files\Eclipse Adoptium\jdk-17.0.15.6-hotspot\bin\java.exe
0x00007ffd279c0000 - 0x00007ffd27c26000 	C:\WINDOWS\SYSTEM32\ntdll.dll
0x00007ffd26630000 - 0x00007ffd266f9000 	C:\WINDOWS\System32\KERNEL32.DLL
0x00007ffd25100000 - 0x00007ffd254cc000 	C:\WINDOWS\System32\KERNELBASE.dll
0x00007ffd25570000 - 0x00007ffd256bb000 	C:\WINDOWS\System32\ucrtbase.dll
0x00007ffd07c60000 - 0x00007ffd07c7e000 	C:\Program Files\Eclipse Adoptium\jdk-17.0.15.6-hotspot\bin\VCRUNTIME140.dll
0x00007ffd07740000 - 0x00007ffd07757000 	C:\Program Files\Eclipse Adoptium\jdk-17.0.15.6-hotspot\bin\jli.dll
0x00007ffd26980000 - 0x00007ffd26b4a000 	C:\WINDOWS\System32\USER32.dll
0x00007ffd24c00000 - 0x00007ffd24c27000 	C:\WINDOWS\System32\win32u.dll
0x00007ffd25cf0000 - 0x00007ffd25d1b000 	C:\WINDOWS\System32\GDI32.dll
0x00007ffd13a50000 - 0x00007ffd13cea000 	C:\WINDOWS\WinSxS\amd64_microsoft.windows.common-controls_6595b64144ccf1df_6.0.26100.3912_none_3e07963ce335137e\COMCTL32.dll
0x00007ffd24fc0000 - 0x00007ffd250f2000 	C:\WINDOWS\System32\gdi32full.dll
0x00007ffd26700000 - 0x00007ffd267a9000 	C:\WINDOWS\System32\msvcrt.dll
0x00007ffd24b50000 - 0x00007ffd24bf3000 	C:\WINDOWS\System32\msvcp_win.dll
0x00007ffd26bb0000 - 0x00007ffd26be0000 	C:\WINDOWS\System32\IMM32.DLL
0x00007ffd14ed0000 - 0x00007ffd14edc000 	C:\Program Files\Eclipse Adoptium\jdk-17.0.15.6-hotspot\bin\vcruntime140_1.dll
0x00007ffd02470000 - 0x00007ffd024fd000 	C:\Program Files\Eclipse Adoptium\jdk-17.0.15.6-hotspot\bin\msvcp140.dll
0x00007ffcafd40000 - 0x00007ffcb09ab000 	C:\Program Files\Eclipse Adoptium\jdk-17.0.15.6-hotspot\bin\server\jvm.dll
0x00007ffd25d30000 - 0x00007ffd25de2000 	C:\WINDOWS\System32\ADVAPI32.dll
0x00007ffd25bc0000 - 0x00007ffd25c66000 	C:\WINDOWS\System32\sechost.dll
0x00007ffd26860000 - 0x00007ffd26976000 	C:\WINDOWS\System32\RPCRT4.dll
0x00007ffd25c70000 - 0x00007ffd25ce4000 	C:\WINDOWS\System32\WS2_32.dll
0x00007ffd249a0000 - 0x00007ffd249fe000 	C:\WINDOWS\SYSTEM32\POWRPROF.dll
0x00007ffd1bb70000 - 0x00007ffd1bba6000 	C:\WINDOWS\SYSTEM32\WINMM.dll
0x00007ffd1db80000 - 0x00007ffd1db8b000 	C:\WINDOWS\SYSTEM32\VERSION.dll
0x00007ffd24970000 - 0x00007ffd24984000 	C:\WINDOWS\SYSTEM32\UMPDC.dll
0x00007ffd238f0000 - 0x00007ffd2390a000 	C:\WINDOWS\SYSTEM32\kernel.appcore.dll
0x00007ffd13010000 - 0x00007ffd1301a000 	C:\Program Files\Eclipse Adoptium\jdk-17.0.15.6-hotspot\bin\jimage.dll
0x00007ffd21fb0000 - 0x00007ffd221f1000 	C:\WINDOWS\SYSTEM32\DBGHELP.DLL
0x00007ffd26dc0000 - 0x00007ffd27144000 	C:\WINDOWS\System32\combase.dll
0x00007ffd27880000 - 0x00007ffd27960000 	C:\WINDOWS\System32\OLEAUT32.dll
0x00007ffd10390000 - 0x00007ffd103c9000 	C:\WINDOWS\SYSTEM32\dbgcore.DLL
0x00007ffd254d0000 - 0x00007ffd25569000 	C:\WINDOWS\System32\bcryptPrimitives.dll
0x00007ffd042f0000 - 0x00007ffd04315000 	C:\Program Files\Eclipse Adoptium\jdk-17.0.15.6-hotspot\bin\java.dll

dbghelp: loaded successfully - version: 4.0.5 - missing functions: none
symbol engine: initialized successfully - sym options: 0x614 - pdb path: .;C:\Program Files\Eclipse Adoptium\jdk-17.0.15.6-hotspot\bin;C:\WINDOWS\SYSTEM32;C:\WINDOWS\WinSxS\amd64_microsoft.windows.common-controls_6595b64144ccf1df_6.0.26100.3912_none_3e07963ce335137e;C:\Program Files\Eclipse Adoptium\jdk-17.0.15.6-hotspot\bin\server

VM Arguments:
java_command: C:\Users\freir\AppData\Local\Temp\surefire17711853458654068692\surefirebooter-20250602223736313_3.jar C:\Users\freir\AppData\Local\Temp\surefire17711853458654068692 2025-06-02T22-37-35_700-jvmRun1 surefire-20250602223736313_1tmp surefire_0-20250602223736313_2tmp
java_class_path (initial): C:\Users\freir\AppData\Local\Temp\surefire17711853458654068692\surefirebooter-20250602223736313_3.jar
Launcher Type: SUN_STANDARD

[Global flags]
     intx CICompilerCount                          = 4                                         {product} {ergonomic}
     uint ConcGCThreads                            = 2                                         {product} {ergonomic}
     uint G1ConcRefinementThreads                  = 8                                         {product} {ergonomic}
   size_t G1HeapRegionSize                         = 1048576                                   {product} {ergonomic}
    uintx GCDrainStackTargetSize                   = 64                                        {product} {ergonomic}
   size_t InitialHeapSize                          = 117440512                                 {product} {ergonomic}
   size_t MarkStackSize                            = 4194304                                   {product} {ergonomic}
   size_t MaxHeapSize                              = 1862270976                                {product} {ergonomic}
   size_t MinHeapDeltaBytes                        = 1048576                                   {product} {ergonomic}
   size_t MinHeapSize                              = 8388608                                   {product} {ergonomic}
    uintx NonNMethodCodeHeapSize                   = 5839372                                {pd product} {ergonomic}
    uintx NonProfiledCodeHeapSize                  = 122909434                              {pd product} {ergonomic}
    uintx ProfiledCodeHeapSize                     = 122909434                              {pd product} {ergonomic}
    uintx ReservedCodeCacheSize                    = 251658240                              {pd product} {ergonomic}
     bool SegmentedCodeCache                       = true                                      {product} {ergonomic}
   size_t SoftMaxHeapSize                          = 1862270976                             {manageable} {ergonomic}
     bool UseCompressedClassPointers               = true                           {product lp64_product} {ergonomic}
     bool UseCompressedOops                        = true                           {product lp64_product} {ergonomic}
     bool UseG1GC                                  = true                                      {product} {ergonomic}
     bool UseLargePagesIndividualAllocation        = false                                  {pd product} {ergonomic}

Logging:
Log output configuration:
 #0: stdout all=warning uptime,level,tags
 #1: stderr all=off uptime,level,tags

Environment Variables:
JAVA_HOME=C:\Program Files\Eclipse Adoptium\jdk-17.0.15.6-hotspot
PATH=C:\Program Files\Eclipse Adoptium\jdk-17.0.15.6-hotspot\bin;C:\WINDOWS\system32;C:\WINDOWS;C:\WINDOWS\System32\Wbem;C:\WINDOWS\System32\WindowsPowerShell\v1.0\;C:\WINDOWS\System32\OpenSSH\;C:\Program Files\Git\cmd;C:\Users\freir\Downloads\apache-maven-3.9.9-bin\apache-maven-3.9.9\bin;C:\Program Files\Eclipse Adoptium\jdk-17.0.15.6-hotspot\bin;C:\Users\freir\AppData\Local\Microsoft\WindowsApps;
USERNAME=freir
OS=Windows_NT
PROCESSOR_IDENTIFIER=AMD64 Family 23 Model 24 Stepping 1, AuthenticAMD
TMP=C:\Users\freir\AppData\Local\Temp
TEMP=C:\Users\freir\AppData\Local\Temp



Periodic native trim disabled


---------------  S Y S T E M  ---------------

OS:
 Windows 11 , 64 bit Build 26100 (10.0.26100.3912)
OS uptime: 7 days 21:42 hours
Hyper-V role detected

CPU: total 8 (initial active 8) (8 cores per cpu, 2 threads per core) family 23 model 24 stepping 1 microcode 0x8108109, cx8, cmov, fxsr, ht, mmx, 3dnowpref, sse, sse2, sse3, ssse3, sse4a, sse4.1, sse4.2, popcnt, lzcnt, tsc, tscinvbit, avx, avx2, aes, clmul, bmi1, bmi2, adx, sha, fma, vzeroupper, clflush, clflushopt, hv
Processor Information for all 8 processors :
  Max Mhz: 2100, Current Mhz: 2100, Mhz Limit: 2100

Memory: 4k page, system-wide physical 7103M (402M free)
TotalPageFile size 17338M (AvailPageFile size 83M)
current process WorkingSet (physical memory assigned to process): 12M, peak: 12M
current process commit charge ("private bytes"): 60M, peak: 172M

vm_info: OpenJDK 64-Bit Server VM (17.0.15+6) for windows-amd64 JRE (17.0.15+6), built on Apr 15 2025 21:25:47 by "admin" with MS VC++ 17.7 (VS2022)

END.
